{"contracts/BasicTokenMock.sol":{"l":{"11":4,"12":4},"path":"/home/cheshta/Documents/projects-nodejs/crowdsale_vers2_testcasescovered/contracts/BasicTokenMock.sol","s":{"1":4,"2":4},"b":{},"f":{"1":4},"fnMap":{"1":{"name":"BasicTokenMock","line":10,"loc":{"start":{"line":10,"column":2},"end":{"line":10,"column":80}}}},"statementMap":{"1":{"start":{"line":11,"column":4},"end":{"line":11,"column":44}},"2":{"start":{"line":12,"column":4},"end":{"line":12,"column":32}}},"branchMap":{}},"contracts/contracts/CappedCrowdsale.sol":{"l":{"17":13,"18":12,"24":4,"25":4,"31":11,"32":11},"path":"/home/cheshta/Documents/projects-nodejs/crowdsale_vers2_testcasescovered/contracts/contracts/CappedCrowdsale.sol","s":{"1":13,"2":12,"3":4,"4":4,"5":11,"6":11},"b":{"1":[12,1]},"f":{"1":13,"2":4,"3":11},"fnMap":{"1":{"name":"CappedCrowdsale","line":16,"loc":{"start":{"line":16,"column":2},"end":{"line":16,"column":47}}},"2":{"name":"hasEnded","line":23,"loc":{"start":{"line":23,"column":2},"end":{"line":23,"column":48}}},"3":{"name":"validPurchase","line":30,"loc":{"start":{"line":30,"column":2},"end":{"line":30,"column":55}}}},"statementMap":{"1":{"start":{"line":17,"column":4},"end":{"line":17,"column":20}},"2":{"start":{"line":18,"column":4},"end":{"line":18,"column":13}},"3":{"start":{"line":24,"column":4},"end":{"line":24,"column":37}},"4":{"start":{"line":25,"column":4},"end":{"line":25,"column":41}},"5":{"start":{"line":31,"column":4},"end":{"line":31,"column":51}},"6":{"start":{"line":32,"column":4},"end":{"line":32,"column":45}}},"branchMap":{"1":{"line":17,"type":"if","locations":[{"start":{"line":17,"column":4},"end":{"line":17,"column":4}},{"start":{"line":17,"column":4},"end":{"line":17,"column":4}}]}}},"contracts/contracts/Crowdsale.sol":{"l":{"54":29,"55":28,"56":28,"57":28,"59":28,"61":28,"62":28,"63":28,"64":28,"65":28,"66":28,"71":15,"75":0,"80":26,"81":26,"83":17,"86":17,"89":17,"92":17,"93":17,"94":17,"95":17,"103":6,"109":15,"114":17,"120":11,"125":25,"126":25,"127":25,"128":25},"path":"/home/cheshta/Documents/projects-nodejs/crowdsale_vers2_testcasescovered/contracts/contracts/Crowdsale.sol","s":{"1":29,"2":28,"3":28,"4":28,"5":28,"6":28,"7":28,"8":28,"9":28,"10":28,"11":28,"12":15,"13":0,"14":26,"15":26,"16":17,"17":17,"18":17,"19":17,"20":17,"21":17,"22":6,"23":15,"24":17,"25":25,"26":25,"27":25,"28":25},"b":{"1":[28,1],"2":[28,0],"3":[28,0],"4":[28,0],"5":[26,0],"6":[17,9]},"f":{"1":29,"2":15,"3":0,"4":26,"5":6,"6":15,"7":17,"8":11,"9":25},"fnMap":{"1":{"name":"Crowdsale","line":53,"loc":{"start":{"line":53,"column":2},"end":{"line":53,"column":146}}},"2":{"name":null,"line":70,"loc":{"start":{"line":70,"column":2},"end":{"line":70,"column":30}}},"3":{"name":"getNow","line":74,"loc":{"start":{"line":74,"column":2},"end":{"line":74,"column":51}}},"4":{"name":"buyTokens","line":79,"loc":{"start":{"line":79,"column":2},"end":{"line":79,"column":56}}},"5":{"name":"hasEnded","line":102,"loc":{"start":{"line":102,"column":2},"end":{"line":102,"column":48}}},"6":{"name":"createTokenContract","line":108,"loc":{"start":{"line":108,"column":2},"end":{"line":108,"column":65}}},"7":{"name":"getTokenAmount","line":113,"loc":{"start":{"line":113,"column":2},"end":{"line":113,"column":75}}},"8":{"name":"forwardFunds","line":119,"loc":{"start":{"line":119,"column":2},"end":{"line":119,"column":34}}},"9":{"name":"validPurchase","line":124,"loc":{"start":{"line":124,"column":2},"end":{"line":124,"column":55}}}},"statementMap":{"1":{"start":{"line":54,"column":4},"end":{"line":54,"column":29}},"2":{"start":{"line":55,"column":4},"end":{"line":55,"column":34}},"3":{"start":{"line":56,"column":4},"end":{"line":56,"column":21}},"4":{"start":{"line":57,"column":4},"end":{"line":57,"column":33}},"5":{"start":{"line":59,"column":4},"end":{"line":59,"column":32}},"6":{"start":{"line":61,"column":4},"end":{"line":61,"column":25}},"7":{"start":{"line":62,"column":4},"end":{"line":62,"column":21}},"8":{"start":{"line":63,"column":4},"end":{"line":63,"column":15}},"9":{"start":{"line":64,"column":4},"end":{"line":64,"column":19}},"10":{"start":{"line":65,"column":4},"end":{"line":65,"column":29}},"11":{"start":{"line":66,"column":4},"end":{"line":66,"column":45}},"12":{"start":{"line":71,"column":4},"end":{"line":71,"column":24}},"13":{"start":{"line":75,"column":4},"end":{"line":75,"column":14}},"14":{"start":{"line":80,"column":4},"end":{"line":80,"column":37}},"15":{"start":{"line":81,"column":4},"end":{"line":81,"column":27}},"16":{"start":{"line":83,"column":4},"end":{"line":83,"column":32}},"17":{"start":{"line":86,"column":4},"end":{"line":86,"column":45}},"18":{"start":{"line":89,"column":4},"end":{"line":89,"column":39}},"19":{"start":{"line":92,"column":4},"end":{"line":92,"column":69}},"20":{"start":{"line":94,"column":4},"end":{"line":94,"column":60}},"21":{"start":{"line":95,"column":4},"end":{"line":95,"column":17}},"22":{"start":{"line":103,"column":4},"end":{"line":103,"column":24}},"23":{"start":{"line":109,"column":4},"end":{"line":109,"column":30}},"24":{"start":{"line":114,"column":4},"end":{"line":114,"column":30}},"25":{"start":{"line":125,"column":4},"end":{"line":125,"column":57}},"26":{"start":{"line":126,"column":4},"end":{"line":126,"column":40}},"27":{"start":{"line":127,"column":4},"end":{"line":127,"column":61}},"28":{"start":{"line":128,"column":4},"end":{"line":128,"column":64}}},"branchMap":{"1":{"line":54,"type":"if","locations":[{"start":{"line":54,"column":4},"end":{"line":54,"column":4}},{"start":{"line":54,"column":4},"end":{"line":54,"column":4}}]},"2":{"line":55,"type":"if","locations":[{"start":{"line":55,"column":4},"end":{"line":55,"column":4}},{"start":{"line":55,"column":4},"end":{"line":55,"column":4}}]},"3":{"line":56,"type":"if","locations":[{"start":{"line":56,"column":4},"end":{"line":56,"column":4}},{"start":{"line":56,"column":4},"end":{"line":56,"column":4}}]},"4":{"line":57,"type":"if","locations":[{"start":{"line":57,"column":4},"end":{"line":57,"column":4}},{"start":{"line":57,"column":4},"end":{"line":57,"column":4}}]},"5":{"line":80,"type":"if","locations":[{"start":{"line":80,"column":4},"end":{"line":80,"column":4}},{"start":{"line":80,"column":4},"end":{"line":80,"column":4}}]},"6":{"line":81,"type":"if","locations":[{"start":{"line":81,"column":4},"end":{"line":81,"column":4}},{"start":{"line":81,"column":4},"end":{"line":81,"column":4}}]}}},"contracts/contracts/FinalizableCrowdsale.sol":{"l":{"25":2,"26":2,"28":2,"29":2,"31":2,"35":0},"path":"/home/cheshta/Documents/projects-nodejs/crowdsale_vers2_testcasescovered/contracts/contracts/FinalizableCrowdsale.sol","s":{"1":2,"2":2,"3":2,"4":2,"5":2},"b":{"1":[2,0],"2":[2,0]},"f":{"1":2,"2":0,"3":2},"fnMap":{"1":{"name":"finalize","line":24,"loc":{"start":{"line":24,"column":2},"end":{"line":24,"column":38}}},"2":{"name":"releaseTokens","line":34,"loc":{"start":{"line":34,"column":2},"end":{"line":34,"column":45}}},"3":{"name":"finalization","line":43,"loc":{"start":{"line":43,"column":2},"end":{"line":43,"column":34}}}},"statementMap":{"1":{"start":{"line":25,"column":4},"end":{"line":25,"column":24}},"2":{"start":{"line":26,"column":4},"end":{"line":26,"column":22}},"3":{"start":{"line":28,"column":4},"end":{"line":28,"column":17}},"4":{"start":{"line":29,"column":4},"end":{"line":29,"column":14}},"5":{"start":{"line":31,"column":4},"end":{"line":31,"column":21}}},"branchMap":{"1":{"line":25,"type":"if","locations":[{"start":{"line":25,"column":4},"end":{"line":25,"column":4}},{"start":{"line":25,"column":4},"end":{"line":25,"column":4}}]},"2":{"line":26,"type":"if","locations":[{"start":{"line":26,"column":4},"end":{"line":26,"column":4}},{"start":{"line":26,"column":4},"end":{"line":26,"column":4}}]}}},"contracts/contracts/RefundableCrowdsale.sol":{"l":{"24":12,"25":12,"26":12,"31":1,"32":1,"34":1,"38":3,"43":2,"44":1,"46":1,"49":2,"56":6},"path":"/home/cheshta/Documents/projects-nodejs/crowdsale_vers2_testcasescovered/contracts/contracts/RefundableCrowdsale.sol","s":{"1":12,"2":12,"3":12,"4":1,"5":1,"6":3,"7":2},"b":{"1":[12,0],"2":[1,0],"3":[1,0],"4":[1,1]},"f":{"1":12,"2":1,"3":3,"4":2,"5":6},"fnMap":{"1":{"name":"RefundableCrowdsale","line":23,"loc":{"start":{"line":23,"column":2},"end":{"line":23,"column":52}}},"2":{"name":"claimRefund","line":30,"loc":{"start":{"line":30,"column":2},"end":{"line":30,"column":31}}},"3":{"name":"goalReached","line":37,"loc":{"start":{"line":37,"column":2},"end":{"line":37,"column":51}}},"4":{"name":"finalization","line":42,"loc":{"start":{"line":42,"column":2},"end":{"line":42,"column":34}}},"5":{"name":"forwardFunds","line":55,"loc":{"start":{"line":55,"column":2},"end":{"line":55,"column":34}}}},"statementMap":{"1":{"start":{"line":24,"column":4},"end":{"line":24,"column":21}},"2":{"start":{"line":25,"column":4},"end":{"line":25,"column":34}},"3":{"start":{"line":26,"column":4},"end":{"line":26,"column":15}},"4":{"start":{"line":31,"column":4},"end":{"line":31,"column":23}},"5":{"start":{"line":32,"column":4},"end":{"line":32,"column":26}},"6":{"start":{"line":38,"column":4},"end":{"line":38,"column":28}},"7":{"start":{"line":43,"column":4},"end":{"line":43,"column":1191}}},"branchMap":{"1":{"line":24,"type":"if","locations":[{"start":{"line":24,"column":4},"end":{"line":24,"column":4}},{"start":{"line":24,"column":4},"end":{"line":24,"column":4}}]},"2":{"line":31,"type":"if","locations":[{"start":{"line":31,"column":4},"end":{"line":31,"column":4}},{"start":{"line":31,"column":4},"end":{"line":31,"column":4}}]},"3":{"line":32,"type":"if","locations":[{"start":{"line":32,"column":4},"end":{"line":32,"column":4}},{"start":{"line":32,"column":4},"end":{"line":32,"column":4}}]},"4":{"line":43,"type":"if","locations":[{"start":{"line":43,"column":4},"end":{"line":43,"column":4}},{"start":{"line":43,"column":4},"end":{"line":43,"column":4}}]}}},"contracts/DetailedERC20Mock.sol":{"l":{},"path":"/home/cheshta/Documents/projects-nodejs/crowdsale_vers2_testcasescovered/contracts/DetailedERC20Mock.sol","s":{},"b":{},"f":{"1":3},"fnMap":{"1":{"name":"DetailedERC20Mock","line":8,"loc":{"start":{"line":8,"column":2},"end":{"line":8,"column":123}}}},"statementMap":{},"branchMap":{}},"contracts/MintableToken.sol":{"l":{"23":33,"24":31,"40":24,"41":24,"42":24,"43":24,"44":24,"52":7,"53":7,"54":7},"path":"/home/cheshta/Documents/projects-nodejs/crowdsale_vers2_testcasescovered/contracts/MintableToken.sol","s":{"1":33,"2":24,"3":24,"4":24,"5":24,"6":24,"7":7,"8":7,"9":7},"b":{"1":[31,2]},"f":{"1":33,"2":24,"3":7},"fnMap":{"1":{"name":"canMint","line":22,"loc":{"start":{"line":22,"column":2},"end":{"line":22,"column":20}}},"2":{"name":"mint","line":39,"loc":{"start":{"line":39,"column":2},"end":{"line":39,"column":85}}},"3":{"name":"finishMinting","line":51,"loc":{"start":{"line":51,"column":2},"end":{"line":51,"column":66}}}},"statementMap":{"1":{"start":{"line":23,"column":4},"end":{"line":23,"column":28}},"2":{"start":{"line":40,"column":4},"end":{"line":40,"column":43}},"3":{"start":{"line":41,"column":4},"end":{"line":41,"column":45}},"4":{"start":{"line":42,"column":4},"end":{"line":42,"column":21}},"5":{"start":{"line":43,"column":4},"end":{"line":43,"column":37}},"6":{"start":{"line":44,"column":4},"end":{"line":44,"column":15}},"7":{"start":{"line":52,"column":4},"end":{"line":52,"column":25}},"8":{"start":{"line":53,"column":4},"end":{"line":53,"column":17}},"9":{"start":{"line":54,"column":4},"end":{"line":54,"column":15}}},"branchMap":{"1":{"line":23,"type":"if","locations":[{"start":{"line":23,"column":4},"end":{"line":23,"column":4}},{"start":{"line":23,"column":4},"end":{"line":23,"column":4}}]}}},"contracts/PreIcoCrowdsale.sol":{"l":{"24":12,"31":13},"path":"/home/cheshta/Documents/projects-nodejs/crowdsale_vers2_testcasescovered/contracts/PreIcoCrowdsale.sol","s":{"1":12,"2":13},"b":{"1":[11,1]},"f":{"1":12,"2":13},"fnMap":{"1":{"name":"PreIcoCrowdsale","line":16,"loc":{"start":{"line":16,"column":4},"end":{"line":21,"column":9}}},"2":{"name":"createTokenContract","line":30,"loc":{"start":{"line":30,"column":4},"end":{"line":30,"column":65}}}},"statementMap":{"1":{"start":{"line":24,"column":11},"end":{"line":24,"column":32}},"2":{"start":{"line":31,"column":8},"end":{"line":31,"column":33}}},"branchMap":{"1":{"line":24,"type":"if","locations":[{"start":{"line":24,"column":11},"end":{"line":24,"column":11}},{"start":{"line":24,"column":11},"end":{"line":24,"column":11}}]}}},"contracts/SafeERC20Helper.sol":{"l":{"9":0,"13":1,"17":1,"21":1,"25":0,"29":0,"36":0,"40":1,"44":1,"48":1,"52":0,"56":0,"68":6,"69":6,"73":1,"77":1,"81":1,"85":1,"89":1,"93":1},"path":"/home/cheshta/Documents/projects-nodejs/crowdsale_vers2_testcasescovered/contracts/SafeERC20Helper.sol","s":{"1":0,"2":1,"3":1,"4":1,"5":0,"6":0,"7":0,"8":1,"9":1,"10":1,"11":0,"12":0,"13":6,"14":6},"b":{},"f":{"1":0,"2":1,"3":1,"4":1,"5":0,"6":0,"7":0,"8":1,"9":1,"10":1,"11":0,"12":0,"13":6,"14":1,"15":1,"16":1,"17":1,"18":1,"19":1},"fnMap":{"1":{"name":"totalSupply","line":8,"loc":{"start":{"line":8,"column":2},"end":{"line":8,"column":54}}},"2":{"name":"transfer","line":12,"loc":{"start":{"line":12,"column":2},"end":{"line":12,"column":59}}},"3":{"name":"transferFrom","line":16,"loc":{"start":{"line":16,"column":2},"end":{"line":16,"column":72}}},"4":{"name":"approve","line":20,"loc":{"start":{"line":20,"column":2},"end":{"line":20,"column":58}}},"5":{"name":"balanceOf","line":24,"loc":{"start":{"line":24,"column":2},"end":{"line":24,"column":63}}},"6":{"name":"allowance","line":28,"loc":{"start":{"line":28,"column":2},"end":{"line":28,"column":72}}},"7":{"name":"totalSupply","line":35,"loc":{"start":{"line":35,"column":2},"end":{"line":35,"column":54}}},"8":{"name":"transfer","line":39,"loc":{"start":{"line":39,"column":2},"end":{"line":39,"column":59}}},"9":{"name":"transferFrom","line":43,"loc":{"start":{"line":43,"column":2},"end":{"line":43,"column":72}}},"10":{"name":"approve","line":47,"loc":{"start":{"line":47,"column":2},"end":{"line":47,"column":58}}},"11":{"name":"balanceOf","line":51,"loc":{"start":{"line":51,"column":2},"end":{"line":51,"column":63}}},"12":{"name":"allowance","line":55,"loc":{"start":{"line":55,"column":2},"end":{"line":55,"column":72}}},"13":{"name":"SafeERC20Helper","line":67,"loc":{"start":{"line":67,"column":2},"end":{"line":67,"column":35}}},"14":{"name":"doFailingTransfer","line":72,"loc":{"start":{"line":72,"column":2},"end":{"line":72,"column":37}}},"15":{"name":"doFailingTransferFrom","line":76,"loc":{"start":{"line":76,"column":2},"end":{"line":76,"column":41}}},"16":{"name":"doFailingApprove","line":80,"loc":{"start":{"line":80,"column":2},"end":{"line":80,"column":36}}},"17":{"name":"doSucceedingTransfer","line":84,"loc":{"start":{"line":84,"column":2},"end":{"line":84,"column":40}}},"18":{"name":"doSucceedingTransferFrom","line":88,"loc":{"start":{"line":88,"column":2},"end":{"line":88,"column":44}}},"19":{"name":"doSucceedingApprove","line":92,"loc":{"start":{"line":92,"column":2},"end":{"line":92,"column":39}}}},"statementMap":{"1":{"start":{"line":9,"column":4},"end":{"line":9,"column":12}},"2":{"start":{"line":13,"column":4},"end":{"line":13,"column":16}},"3":{"start":{"line":17,"column":4},"end":{"line":17,"column":16}},"4":{"start":{"line":21,"column":4},"end":{"line":21,"column":16}},"5":{"start":{"line":25,"column":4},"end":{"line":25,"column":12}},"6":{"start":{"line":29,"column":4},"end":{"line":29,"column":12}},"7":{"start":{"line":36,"column":4},"end":{"line":36,"column":12}},"8":{"start":{"line":40,"column":4},"end":{"line":40,"column":15}},"9":{"start":{"line":44,"column":4},"end":{"line":44,"column":15}},"10":{"start":{"line":48,"column":4},"end":{"line":48,"column":15}},"11":{"start":{"line":52,"column":4},"end":{"line":52,"column":12}},"12":{"start":{"line":56,"column":4},"end":{"line":56,"column":12}},"13":{"start":{"line":68,"column":4},"end":{"line":68,"column":35}},"14":{"start":{"line":69,"column":4},"end":{"line":69,"column":41}}},"branchMap":{}},"contracts/StandardTokenMock.sol":{"l":{"9":18,"10":18},"path":"/home/cheshta/Documents/projects-nodejs/crowdsale_vers2_testcasescovered/contracts/StandardTokenMock.sol","s":{"1":18,"2":18},"b":{},"f":{"1":18},"fnMap":{"1":{"name":"StandardTokenMock","line":8,"loc":{"start":{"line":8,"column":2},"end":{"line":8,"column":83}}}},"statementMap":{"1":{"start":{"line":9,"column":4},"end":{"line":9,"column":44}},"2":{"start":{"line":10,"column":4},"end":{"line":10,"column":32}}},"branchMap":{}},"contracts/VolaviaToken.sol":{"l":{},"path":"/home/cheshta/Documents/projects-nodejs/crowdsale_vers2_testcasescovered/contracts/VolaviaToken.sol","s":{},"b":{},"f":{},"fnMap":{},"statementMap":{},"branchMap":{}}}