TN:
SF:/home/cheshta/Documents/projects-nodejs/crowdsale_vers2_testcasescovered/contracts/BasicTokenMock.sol
FN:10,BasicTokenMock
FNF:1
FNH:1
FNDA:4,BasicTokenMock
DA:11,4
DA:12,4
LF:2
LH:2
BRF:0
BRH:0
end_of_record
TN:
SF:/home/cheshta/Documents/projects-nodejs/crowdsale_vers2_testcasescovered/contracts/contracts/CappedCrowdsale.sol
FN:16,CappedCrowdsale
FN:23,hasEnded
FN:30,validPurchase
FNF:3
FNH:3
FNDA:13,CappedCrowdsale
FNDA:4,hasEnded
FNDA:11,validPurchase
DA:17,13
DA:18,12
DA:24,4
DA:25,4
DA:31,11
DA:32,11
LF:6
LH:6
BRDA:17,1,0,12
BRDA:17,1,1,1
BRF:2
BRH:2
end_of_record
TN:
SF:/home/cheshta/Documents/projects-nodejs/crowdsale_vers2_testcasescovered/contracts/contracts/Crowdsale.sol
FN:53,Crowdsale
FN:70,
FN:74,getNow
FN:79,buyTokens
FN:102,hasEnded
FN:108,createTokenContract
FN:113,getTokenAmount
FN:119,forwardFunds
FN:124,validPurchase
FNF:9
FNH:8
FNDA:29,Crowdsale
FNDA:15,
FNDA:0,getNow
FNDA:26,buyTokens
FNDA:6,hasEnded
FNDA:15,createTokenContract
FNDA:17,getTokenAmount
FNDA:11,forwardFunds
FNDA:25,validPurchase
DA:54,29
DA:55,28
DA:56,28
DA:57,28
DA:59,28
DA:61,28
DA:62,28
DA:63,28
DA:64,28
DA:65,28
DA:66,28
DA:71,15
DA:75,0
DA:80,26
DA:81,26
DA:83,17
DA:86,17
DA:89,17
DA:92,17
DA:93,17
DA:94,17
DA:95,17
DA:103,6
DA:109,15
DA:114,17
DA:120,11
DA:125,25
DA:126,25
DA:127,25
DA:128,25
LF:30
LH:29
BRDA:54,1,0,28
BRDA:54,1,1,1
BRDA:55,2,0,28
BRDA:55,2,1,0
BRDA:56,3,0,28
BRDA:56,3,1,0
BRDA:57,4,0,28
BRDA:57,4,1,0
BRDA:80,5,0,26
BRDA:80,5,1,0
BRDA:81,6,0,17
BRDA:81,6,1,9
BRF:12
BRH:8
end_of_record
TN:
SF:/home/cheshta/Documents/projects-nodejs/crowdsale_vers2_testcasescovered/contracts/contracts/FinalizableCrowdsale.sol
FN:24,finalize
FN:34,releaseTokens
FN:43,finalization
FNF:3
FNH:2
FNDA:2,finalize
FNDA:0,releaseTokens
FNDA:2,finalization
DA:25,2
DA:26,2
DA:28,2
DA:29,2
DA:31,2
DA:35,0
LF:6
LH:5
BRDA:25,1,0,2
BRDA:25,1,1,0
BRDA:26,2,0,2
BRDA:26,2,1,0
BRF:4
BRH:2
end_of_record
TN:
SF:/home/cheshta/Documents/projects-nodejs/crowdsale_vers2_testcasescovered/contracts/contracts/RefundableCrowdsale.sol
FN:23,RefundableCrowdsale
FN:30,claimRefund
FN:37,goalReached
FN:42,finalization
FN:55,forwardFunds
FNF:5
FNH:5
FNDA:12,RefundableCrowdsale
FNDA:1,claimRefund
FNDA:3,goalReached
FNDA:2,finalization
FNDA:6,forwardFunds
DA:24,12
DA:25,12
DA:26,12
DA:31,1
DA:32,1
DA:34,1
DA:38,3
DA:43,2
DA:44,1
DA:46,1
DA:49,2
DA:56,6
LF:12
LH:12
BRDA:24,1,0,12
BRDA:24,1,1,0
BRDA:31,2,0,1
BRDA:31,2,1,0
BRDA:32,3,0,1
BRDA:32,3,1,0
BRDA:43,4,0,1
BRDA:43,4,1,1
BRF:8
BRH:5
end_of_record
TN:
SF:/home/cheshta/Documents/projects-nodejs/crowdsale_vers2_testcasescovered/contracts/DetailedERC20Mock.sol
FN:8,DetailedERC20Mock
FNF:1
FNH:1
FNDA:3,DetailedERC20Mock
LF:0
LH:0
BRF:0
BRH:0
end_of_record
TN:
SF:/home/cheshta/Documents/projects-nodejs/crowdsale_vers2_testcasescovered/contracts/MintableToken.sol
FN:22,canMint
FN:39,mint
FN:51,finishMinting
FNF:3
FNH:3
FNDA:33,canMint
FNDA:24,mint
FNDA:7,finishMinting
DA:23,33
DA:24,31
DA:40,24
DA:41,24
DA:42,24
DA:43,24
DA:44,24
DA:52,7
DA:53,7
DA:54,7
LF:10
LH:10
BRDA:23,1,0,31
BRDA:23,1,1,2
BRF:2
BRH:2
end_of_record
TN:
SF:/home/cheshta/Documents/projects-nodejs/crowdsale_vers2_testcasescovered/contracts/PreIcoCrowdsale.sol
FN:16,PreIcoCrowdsale
FN:30,createTokenContract
FNF:2
FNH:2
FNDA:12,PreIcoCrowdsale
FNDA:13,createTokenContract
DA:24,12
DA:31,13
LF:2
LH:2
BRDA:24,1,0,11
BRDA:24,1,1,1
BRF:2
BRH:2
end_of_record
TN:
SF:/home/cheshta/Documents/projects-nodejs/crowdsale_vers2_testcasescovered/contracts/SafeERC20Helper.sol
FN:8,totalSupply
FN:12,transfer
FN:16,transferFrom
FN:20,approve
FN:24,balanceOf
FN:28,allowance
FN:35,totalSupply
FN:39,transfer
FN:43,transferFrom
FN:47,approve
FN:51,balanceOf
FN:55,allowance
FN:67,SafeERC20Helper
FN:72,doFailingTransfer
FN:76,doFailingTransferFrom
FN:80,doFailingApprove
FN:84,doSucceedingTransfer
FN:88,doSucceedingTransferFrom
FN:92,doSucceedingApprove
FNF:19
FNH:13
FNDA:0,totalSupply
FNDA:1,transfer
FNDA:1,transferFrom
FNDA:1,approve
FNDA:0,balanceOf
FNDA:0,allowance
FNDA:0,totalSupply
FNDA:1,transfer
FNDA:1,transferFrom
FNDA:1,approve
FNDA:0,balanceOf
FNDA:0,allowance
FNDA:6,SafeERC20Helper
FNDA:1,doFailingTransfer
FNDA:1,doFailingTransferFrom
FNDA:1,doFailingApprove
FNDA:1,doSucceedingTransfer
FNDA:1,doSucceedingTransferFrom
FNDA:1,doSucceedingApprove
DA:9,0
DA:13,1
DA:17,1
DA:21,1
DA:25,0
DA:29,0
DA:36,0
DA:40,1
DA:44,1
DA:48,1
DA:52,0
DA:56,0
DA:68,6
DA:69,6
DA:73,1
DA:77,1
DA:81,1
DA:85,1
DA:89,1
DA:93,1
LF:20
LH:14
BRF:0
BRH:0
end_of_record
TN:
SF:/home/cheshta/Documents/projects-nodejs/crowdsale_vers2_testcasescovered/contracts/StandardTokenMock.sol
FN:8,StandardTokenMock
FNF:1
FNH:1
FNDA:18,StandardTokenMock
DA:9,18
DA:10,18
LF:2
LH:2
BRF:0
BRH:0
end_of_record
TN:
SF:/home/cheshta/Documents/projects-nodejs/crowdsale_vers2_testcasescovered/contracts/VolaviaToken.sol
FNF:0
FNH:0
LF:0
LH:0
BRF:0
BRH:0
end_of_record
